KisanWork/MyApplication2/app/build/intermediates/manifest_merge_blame_file/debug/manifest-merger-blame-debug-report.txt
1<?xml version="1.0" encoding="utf-8"?>
2<manifest xmlns:android="http://schemas.android.com/apk/res/android"
3    package="com.example.myapplication2"
4    android:versionCode="1"
5    android:versionName="1.0" >
6
7    <uses-sdk
8        android:minSdkVersion="26"
8-->src/main/AndroidManifest.xml
9        android:targetSdkVersion="28" />
9-->src/main/AndroidManifest.xml
10
11    <uses-permission android:name="android.permission.INTERNET" />
11-->src/main/AndroidManifest.xml:4:5-66
11-->src/main/AndroidManifest.xml:4:22-64
12
13    <application
13-->src/main/AndroidManifest.xml:6:5-28:19
14        android:allowBackup="true"
14-->src/main/AndroidManifest.xml:7:9-35
15        android:appComponentFactory="androidx.core.app.CoreComponentFactory"
15-->[androidx.core:core:1.0.0] AndroidManifest.xml:22:18-86
16        android:debuggable="true"
17        android:icon="@mipmap/ic_launcher"
17-->src/main/AndroidManifest.xml:8:9-43
18        android:label="@string/app_name"
18-->src/main/AndroidManifest.xml:9:9-41
19        android:roundIcon="@mipmap/ic_launcher_round"
19-->src/main/AndroidManifest.xml:10:9-54
20        android:supportsRtl="true"
20-->src/main/AndroidManifest.xml:11:9-35
21        android:theme="@style/AppTheme" >
21-->src/main/AndroidManifest.xml:12:9-40
22        <activity
22-->src/main/AndroidManifest.xml:13:9-15:25
23            android:name="com.example.myapplication2.activity.SendMessage"
23-->src/main/AndroidManifest.xml:13:19-55
24            android:noHistory="true" />
24-->src/main/AndroidManifest.xml:14:13-37
25        <activity
25-->src/main/AndroidManifest.xml:16:9-17:39
26            android:name="com.example.myapplication2.activity.SendText"
26-->src/main/AndroidManifest.xml:16:19-52
27            android:noHistory="true" />
27-->src/main/AndroidManifest.xml:17:13-37
28        <activity
28-->src/main/AndroidManifest.xml:18:9-27:20
29            android:name="com.example.myapplication2.activity.MainActivity"
29-->src/main/AndroidManifest.xml:19:13-50
30            android:label="@string/app_name"
30-->src/main/AndroidManifest.xml:20:13-45
31            android:theme="@style/AppTheme.NoActionBar" >
31-->src/main/AndroidManifest.xml:21:13-56
32            <intent-filter>
32-->src/main/AndroidManifest.xml:22:13-26:29
33                <action android:name="android.intent.action.MAIN" />
33-->src/main/AndroidManifest.xml:23:17-69
33-->src/main/AndroidManifest.xml:23:25-66
34
35                <category android:name="android.intent.category.LAUNCHER" />
35-->src/main/AndroidManifest.xml:25:17-77
35-->src/main/AndroidManifest.xml:25:27-74
36            </intent-filter>
37        </activity>
38
39        <service
39-->[androidx.room:room-runtime:2.1.0-alpha04] AndroidManifest.xml:23:9-25:40
40            android:name="androidx.room.MultiInstanceInvalidationService"
40-->[androidx.room:room-runtime:2.1.0-alpha04] AndroidManifest.xml:24:13-74
41            android:exported="false" />
41-->[androidx.room:room-runtime:2.1.0-alpha04] AndroidManifest.xml:25:13-37
42    </application>
43
44</manifest>